2019-08-30 09:45:03.895 DEBUG 63568 --- [main] o.s.w.c.s.StandardServletEnvironment     : Adding PropertySource 'servletConfigInitParams' with lowest search precedence
2019-08-30 09:45:03.896 DEBUG 63568 --- [main] o.s.w.c.s.StandardServletEnvironment     : Adding PropertySource 'servletContextInitParams' with lowest search precedence
2019-08-30 09:45:03.901 DEBUG 63568 --- [main] o.s.w.c.s.StandardServletEnvironment     : Adding PropertySource 'systemProperties' with lowest search precedence
2019-08-30 09:45:03.901 DEBUG 63568 --- [main] o.s.w.c.s.StandardServletEnvironment     : Adding PropertySource 'systemEnvironment' with lowest search precedence
2019-08-30 09:45:03.901 DEBUG 63568 --- [main] o.s.w.c.s.StandardServletEnvironment     : Initialized StandardServletEnvironment with PropertySources [StubPropertySource {name='servletConfigInitParams'}, StubPropertySource {name='servletContextInitParams'}, MapPropertySource {name='systemProperties'}, SystemEnvironmentPropertySource {name='systemEnvironment'}]
2019-08-30 09:45:03.931  INFO 63568 --- [main] tws.controller.EmployeeControllerTest    : Starting EmployeeControllerTest on wanghuideMacBook-Pro.local with PID 63568 (started by wanghui in /Users/wanghui/Desktop/ThoughtWorks线下培训作业/2019年08月29日/java_persistence_practice_parking_lot_comprehensive-2019-8-26-2-21-50-376)
2019-08-30 09:45:03.932  INFO 63568 --- [main] tws.controller.EmployeeControllerTest    : No active profile set, falling back to default profiles: default
2019-08-30 09:45:03.948  INFO 63568 --- [main] o.s.w.c.s.GenericWebApplicationContext   : Refreshing org.springframework.web.context.support.GenericWebApplicationContext@3576ddc2: startup date [Fri Aug 30 09:45:03 CST 2019]; root of context hierarchy
2019-08-30 09:45:03.949 DEBUG 63568 --- [main] o.s.w.c.s.GenericWebApplicationContext   : Bean factory for org.springframework.web.context.support.GenericWebApplicationContext@3576ddc2: org.springframework.beans.factory.support.DefaultListableBeanFactory@3eb77ea8: defining beans [org.springframework.context.annotation.internalConfigurationAnnotationProcessor,org.springframework.context.annotation.internalAutowiredAnnotationProcessor,org.springframework.context.annotation.internalRequiredAnnotationProcessor,org.springframework.context.annotation.internalCommonAnnotationProcessor,org.springframework.context.event.internalEventListenerProcessor,org.springframework.context.event.internalEventListenerFactory,org.springframework.boot.test.context.ImportsContextCustomizer$ImportsCleanupPostProcessor,org.springframework.boot.test.context.ImportsContextCustomizer$ImportsConfiguration,org.springframework.boot.test.mock.mockito.MockitoPostProcessor$SpyPostProcessor,org.springframework.boot.test.mock.mockito.MockitoPostProcessor,application]; root of factory hierarchy
2019-08-30 09:45:04.798 DEBUG 63568 --- [main] o.s.w.c.s.GenericWebApplicationContext   : Unable to locate MessageSource with name 'messageSource': using default [org.springframework.context.support.DelegatingMessageSource@5b69d40d]
2019-08-30 09:45:04.799 DEBUG 63568 --- [main] o.s.w.c.s.GenericWebApplicationContext   : Unable to locate ApplicationEventMulticaster with name 'applicationEventMulticaster': using default [org.springframework.context.event.SimpleApplicationEventMulticaster@71154f21]
2019-08-30 09:45:04.932  INFO 63568 --- [main] com.zaxxer.hikari.HikariDataSource       : HikariPool-1 - Starting...
2019-08-30 09:45:05.089  INFO 63568 --- [main] com.zaxxer.hikari.HikariDataSource       : HikariPool-1 - Start completed.
2019-08-30 09:45:05.106  INFO 63568 --- [main] o.s.jdbc.datasource.init.ScriptUtils     : Executing SQL script from URL [file:/Users/wanghui/Desktop/ThoughtWorks%e7%ba%bf%e4%b8%8b%e5%9f%b9%e8%ae%ad%e4%bd%9c%e4%b8%9a/2019%e5%b9%b408%e6%9c%8829%e6%97%a5/java_persistence_practice_parking_lot_comprehensive-2019-8-26-2-21-50-376/out/production/resources/schema.sql]
2019-08-30 09:45:05.115  INFO 63568 --- [main] o.s.jdbc.datasource.init.ScriptUtils     : Executed SQL script from URL [file:/Users/wanghui/Desktop/ThoughtWorks%e7%ba%bf%e4%b8%8b%e5%9f%b9%e8%ae%ad%e4%bd%9c%e4%b8%9a/2019%e5%b9%b408%e6%9c%8829%e6%97%a5/java_persistence_practice_parking_lot_comprehensive-2019-8-26-2-21-50-376/out/production/resources/schema.sql] in 9 ms.
2019-08-30 09:45:05.429  INFO 63568 --- [main] o.s.w.s.handler.SimpleUrlHandlerMapping  : Mapped URL path [/**/favicon.ico] onto handler of type [class org.springframework.web.servlet.resource.ResourceHttpRequestHandler]
2019-08-30 09:45:05.578  INFO 63568 --- [main] s.w.s.m.m.a.RequestMappingHandlerAdapter : Looking for @ControllerAdvice: org.springframework.web.context.support.GenericWebApplicationContext@3576ddc2: startup date [Fri Aug 30 09:45:03 CST 2019]; root of context hierarchy
2019-08-30 09:45:05.631 DEBUG 63568 --- [main] s.w.s.m.m.a.RequestMappingHandlerMapping : Looking for request mappings in application context: org.springframework.web.context.support.GenericWebApplicationContext@3576ddc2: startup date [Fri Aug 30 09:45:03 CST 2019]; root of context hierarchy
2019-08-30 09:45:05.644 DEBUG 63568 --- [main] s.w.s.m.m.a.RequestMappingHandlerMapping : 2 request handler methods found on class tws.controller.EmployeeController: {public org.springframework.http.ResponseEntity tws.controller.EmployeeController.insert(tws.entity.Employee)={[/employees],methods=[POST]}, public org.springframework.http.ResponseEntity tws.controller.EmployeeController.getAll()={[/employees],methods=[GET]}}
2019-08-30 09:45:05.645  INFO 63568 --- [main] s.w.s.m.m.a.RequestMappingHandlerMapping : Mapped "{[/employees],methods=[POST]}" onto public org.springframework.http.ResponseEntity<tws.entity.Employee> tws.controller.EmployeeController.insert(tws.entity.Employee)
2019-08-30 09:45:05.646  INFO 63568 --- [main] s.w.s.m.m.a.RequestMappingHandlerMapping : Mapped "{[/employees],methods=[GET]}" onto public org.springframework.http.ResponseEntity<java.util.List<tws.entity.Employee>> tws.controller.EmployeeController.getAll()
2019-08-30 09:45:05.648 DEBUG 63568 --- [main] s.w.s.m.m.a.RequestMappingHandlerMapping : 2 request handler methods found on class org.springframework.boot.autoconfigure.web.servlet.error.BasicErrorController: {public org.springframework.http.ResponseEntity org.springframework.boot.autoconfigure.web.servlet.error.BasicErrorController.error(javax.servlet.http.HttpServletRequest)={[/error]}, public org.springframework.web.servlet.ModelAndView org.springframework.boot.autoconfigure.web.servlet.error.BasicErrorController.errorHtml(javax.servlet.http.HttpServletRequest,javax.servlet.http.HttpServletResponse)={[/error],produces=[text/html]}}
2019-08-30 09:45:05.648  INFO 63568 --- [main] s.w.s.m.m.a.RequestMappingHandlerMapping : Mapped "{[/error]}" onto public org.springframework.http.ResponseEntity<java.util.Map<java.lang.String, java.lang.Object>> org.springframework.boot.autoconfigure.web.servlet.error.BasicErrorController.error(javax.servlet.http.HttpServletRequest)
2019-08-30 09:45:05.649  INFO 63568 --- [main] s.w.s.m.m.a.RequestMappingHandlerMapping : Mapped "{[/error],produces=[text/html]}" onto public org.springframework.web.servlet.ModelAndView org.springframework.boot.autoconfigure.web.servlet.error.BasicErrorController.errorHtml(javax.servlet.http.HttpServletRequest,javax.servlet.http.HttpServletResponse)
2019-08-30 09:45:05.662 DEBUG 63568 --- [main] o.s.w.s.h.BeanNameUrlHandlerMapping      : Looking for URL mappings in application context: org.springframework.web.context.support.GenericWebApplicationContext@3576ddc2: startup date [Fri Aug 30 09:45:03 CST 2019]; root of context hierarchy
2019-08-30 09:45:05.663 DEBUG 63568 --- [main] o.s.w.s.h.BeanNameUrlHandlerMapping      : Rejected bean name 'org.springframework.context.annotation.internalConfigurationAnnotationProcessor': no URL paths identified
2019-08-30 09:45:05.663 DEBUG 63568 --- [main] o.s.w.s.h.BeanNameUrlHandlerMapping      : Rejected bean name 'org.springframework.context.annotation.internalAutowiredAnnotationProcessor': no URL paths identified
2019-08-30 09:45:05.663 DEBUG 63568 --- [main] o.s.w.s.h.BeanNameUrlHandlerMapping      : Rejected bean name 'org.springframework.context.annotation.internalRequiredAnnotationProcessor': no URL paths identified
2019-08-30 09:45:05.663 DEBUG 63568 --- [main] o.s.w.s.h.BeanNameUrlHandlerMapping      : Rejected bean name 'org.springframework.context.annotation.internalCommonAnnotationProcessor': no URL paths identified
2019-08-30 09:45:05.663 DEBUG 63568 --- [main] o.s.w.s.h.BeanNameUrlHandlerMapping      : Rejected bean name 'org.springframework.context.event.internalEventListenerProcessor': no URL paths identified
2019-08-30 09:45:05.663 DEBUG 63568 --- [main] o.s.w.s.h.BeanNameUrlHandlerMapping      : Rejected bean name 'org.springframework.context.event.internalEventListenerFactory': no URL paths identified
2019-08-30 09:45:05.663 DEBUG 63568 --- [main] o.s.w.s.h.BeanNameUrlHandlerMapping      : Rejected bean name 'org.springframework.boot.test.context.ImportsContextCustomizer$ImportsCleanupPostProcessor': no URL paths identified
2019-08-30 09:45:05.663 DEBUG 63568 --- [main] o.s.w.s.h.BeanNameUrlHandlerMapping      : Rejected bean name 'org.springframework.boot.test.mock.mockito.MockitoPostProcessor$SpyPostProcessor': no URL paths identified
2019-08-30 09:45:05.663 DEBUG 63568 --- [main] o.s.w.s.h.BeanNameUrlHandlerMapping      : Rejected bean name 'org.springframework.boot.test.mock.mockito.MockitoPostProcessor': no URL paths identified
2019-08-30 09:45:05.663 DEBUG 63568 --- [main] o.s.w.s.h.BeanNameUrlHandlerMapping      : Rejected bean name 'application': no URL paths identified
2019-08-30 09:45:05.663 DEBUG 63568 --- [main] o.s.w.s.h.BeanNameUrlHandlerMapping      : Rejected bean name 'org.springframework.boot.autoconfigure.internalCachingMetadataReaderFactory': no URL paths identified
2019-08-30 09:45:05.663 DEBUG 63568 --- [main] o.s.w.s.h.BeanNameUrlHandlerMapping      : Rejected bean name 'employeeController': no URL paths identified
2019-08-30 09:45:05.664 DEBUG 63568 --- [main] o.s.w.s.h.BeanNameUrlHandlerMapping      : Rejected bean name 'org.springframework.boot.autoconfigure.AutoConfigurationPackages': no URL paths identified
2019-08-30 09:45:05.664 DEBUG 63568 --- [main] o.s.w.s.h.BeanNameUrlHandlerMapping      : Rejected bean name 'org.springframework.boot.autoconfigure.context.PropertyPlaceholderAutoConfiguration': no URL paths identified
2019-08-30 09:45:05.664 DEBUG 63568 --- [main] o.s.w.s.h.BeanNameUrlHandlerMapping      : Rejected bean name 'org.springframework.boot.autoconfigure.condition.BeanTypeRegistry': no URL paths identified
2019-08-30 09:45:05.664 DEBUG 63568 --- [main] o.s.w.s.h.BeanNameUrlHandlerMapping      : Rejected bean name 'propertySourcesPlaceholderConfigurer': no URL paths identified
2019-08-30 09:45:05.664 DEBUG 63568 --- [main] o.s.w.s.h.BeanNameUrlHandlerMapping      : Rejected bean name 'org.springframework.boot.autoconfigure.websocket.servlet.WebSocketServletAutoConfiguration$TomcatWebSocketConfiguration': no URL paths identified
2019-08-30 09:45:05.664 DEBUG 63568 --- [main] o.s.w.s.h.BeanNameUrlHandlerMapping      : Rejected bean name 'websocketContainerCustomizer': no URL paths identified
2019-08-30 09:45:05.664 DEBUG 63568 --- [main] o.s.w.s.h.BeanNameUrlHandlerMapping      : Rejected bean name 'org.springframework.boot.autoconfigure.websocket.servlet.WebSocketServletAutoConfiguration': no URL paths identified
2019-08-30 09:45:05.664 DEBUG 63568 --- [main] o.s.w.s.h.BeanNameUrlHandlerMapping      : Rejected bean name 'org.springframework.boot.autoconfigure.web.servlet.ServletWebServerFactoryConfiguration$EmbeddedTomcat': no URL paths identified
2019-08-30 09:45:05.664 DEBUG 63568 --- [main] o.s.w.s.h.BeanNameUrlHandlerMapping      : Rejected bean name 'tomcatServletWebServerFactory': no URL paths identified
2019-08-30 09:45:05.664 DEBUG 63568 --- [main] o.s.w.s.h.BeanNameUrlHandlerMapping      : Rejected bean name 'org.springframework.boot.autoconfigure.web.servlet.ServletWebServerFactoryAutoConfiguration': no URL paths identified
2019-08-30 09:45:05.664 DEBUG 63568 --- [main] o.s.w.s.h.BeanNameUrlHandlerMapping      : Rejected bean name 'servletWebServerFactoryCustomizer': no URL paths identified
2019-08-30 09:45:05.664 DEBUG 63568 --- [main] o.s.w.s.h.BeanNameUrlHandlerMapping      : Rejected bean name 'tomcatServletWebServerFactoryCustomizer': no URL paths identified
2019-08-30 09:45:05.664 DEBUG 63568 --- [main] o.s.w.s.h.BeanNameUrlHandlerMapping      : Rejected bean name 'server-org.springframework.boot.autoconfigure.web.ServerProperties': no URL paths identified
2019-08-30 09:45:05.664 DEBUG 63568 --- [main] o.s.w.s.h.BeanNameUrlHandlerMapping      : Rejected bean name 'org.springframework.boot.context.properties.ConfigurationPropertiesBindingPostProcessor': no URL paths identified
2019-08-30 09:45:05.664 DEBUG 63568 --- [main] o.s.w.s.h.BeanNameUrlHandlerMapping      : Rejected bean name 'org.springframework.boot.context.properties.ConfigurationBeanFactoryMetadata': no URL paths identified
2019-08-30 09:45:05.665 DEBUG 63568 --- [main] o.s.w.s.h.BeanNameUrlHandlerMapping      : Rejected bean name 'webServerFactoryCustomizerBeanPostProcessor': no URL paths identified
2019-08-30 09:45:05.665 DEBUG 63568 --- [main] o.s.w.s.h.BeanNameUrlHandlerMapping      : Rejected bean name 'errorPageRegistrarBeanPostProcessor': no URL paths identified
2019-08-30 09:45:05.665 DEBUG 63568 --- [main] o.s.w.s.h.BeanNameUrlHandlerMapping      : Rejected bean name 'org.springframework.boot.autoconfigure.web.servlet.DispatcherServletAutoConfiguration$DispatcherServletConfiguration': no URL paths identified
2019-08-30 09:45:05.665 DEBUG 63568 --- [main] o.s.w.s.h.BeanNameUrlHandlerMapping      : Rejected bean name 'dispatcherServlet': no URL paths identified
2019-08-30 09:45:05.665 DEBUG 63568 --- [main] o.s.w.s.h.BeanNameUrlHandlerMapping      : Rejected bean name 'mainDispatcherServletPathProvider': no URL paths identified
2019-08-30 09:45:05.665 DEBUG 63568 --- [main] o.s.w.s.h.BeanNameUrlHandlerMapping      : Rejected bean name 'spring.mvc-org.springframework.boot.autoconfigure.web.servlet.WebMvcProperties': no URL paths identified
2019-08-30 09:45:05.665 DEBUG 63568 --- [main] o.s.w.s.h.BeanNameUrlHandlerMapping      : Rejected bean name 'org.springframework.boot.autoconfigure.web.servlet.DispatcherServletAutoConfiguration$DispatcherServletRegistrationConfiguration': no URL paths identified
2019-08-30 09:45:05.665 DEBUG 63568 --- [main] o.s.w.s.h.BeanNameUrlHandlerMapping      : Rejected bean name 'dispatcherServletRegistration': no URL paths identified
2019-08-30 09:45:05.665 DEBUG 63568 --- [main] o.s.w.s.h.BeanNameUrlHandlerMapping      : Rejected bean name 'org.springframework.boot.autoconfigure.web.servlet.DispatcherServletAutoConfiguration': no URL paths identified
2019-08-30 09:45:05.665 DEBUG 63568 --- [main] o.s.w.s.h.BeanNameUrlHandlerMapping      : Rejected bean name 'org.springframework.boot.autoconfigure.validation.ValidationAutoConfiguration': no URL paths identified
2019-08-30 09:45:05.665 DEBUG 63568 --- [main] o.s.w.s.h.BeanNameUrlHandlerMapping      : Rejected bean name 'defaultValidator': no URL paths identified
2019-08-30 09:45:05.665 DEBUG 63568 --- [main] o.s.w.s.h.BeanNameUrlHandlerMapping      : Rejected bean name 'methodValidationPostProcessor': no URL paths identified
2019-08-30 09:45:05.665 DEBUG 63568 --- [main] o.s.w.s.h.BeanNameUrlHandlerMapping      : Rejected bean name 'org.springframework.boot.autoconfigure.web.servlet.error.ErrorMvcAutoConfiguration$WhitelabelErrorViewConfiguration': no URL paths identified
2019-08-30 09:45:05.665 DEBUG 63568 --- [main] o.s.w.s.h.BeanNameUrlHandlerMapping      : Rejected bean name 'error': no URL paths identified
2019-08-30 09:45:05.665 DEBUG 63568 --- [main] o.s.w.s.h.BeanNameUrlHandlerMapping      : Rejected bean name 'beanNameViewResolver': no URL paths identified
2019-08-30 09:45:05.666 DEBUG 63568 --- [main] o.s.w.s.h.BeanNameUrlHandlerMapping      : Rejected bean name 'org.springframework.boot.autoconfigure.web.servlet.error.ErrorMvcAutoConfiguration$DefaultErrorViewResolverConfiguration': no URL paths identified
2019-08-30 09:45:05.666 DEBUG 63568 --- [main] o.s.w.s.h.BeanNameUrlHandlerMapping      : Rejected bean name 'conventionErrorViewResolver': no URL paths identified
2019-08-30 09:45:05.666 DEBUG 63568 --- [main] o.s.w.s.h.BeanNameUrlHandlerMapping      : Rejected bean name 'org.springframework.boot.autoconfigure.web.servlet.error.ErrorMvcAutoConfiguration': no URL paths identified
2019-08-30 09:45:05.666 DEBUG 63568 --- [main] o.s.w.s.h.BeanNameUrlHandlerMapping      : Rejected bean name 'errorAttributes': no URL paths identified
2019-08-30 09:45:05.666 DEBUG 63568 --- [main] o.s.w.s.h.BeanNameUrlHandlerMapping      : Rejected bean name 'basicErrorController': no URL paths identified
2019-08-30 09:45:05.666 DEBUG 63568 --- [main] o.s.w.s.h.BeanNameUrlHandlerMapping      : Rejected bean name 'errorPageCustomizer': no URL paths identified
2019-08-30 09:45:05.666 DEBUG 63568 --- [main] o.s.w.s.h.BeanNameUrlHandlerMapping      : Rejected bean name 'preserveErrorControllerTargetClassPostProcessor': no URL paths identified
2019-08-30 09:45:05.666 DEBUG 63568 --- [main] o.s.w.s.h.BeanNameUrlHandlerMapping      : Rejected bean name 'spring.resources-org.springframework.boot.autoconfigure.web.ResourceProperties': no URL paths identified
2019-08-30 09:45:05.666 DEBUG 63568 --- [main] o.s.w.s.h.BeanNameUrlHandlerMapping      : Rejected bean name 'org.springframework.boot.autoconfigure.web.servlet.WebMvcAutoConfiguration$WebMvcAutoConfigurationAdapter$FaviconConfiguration': no URL paths identified
2019-08-30 09:45:05.666 DEBUG 63568 --- [main] o.s.w.s.h.BeanNameUrlHandlerMapping      : Rejected bean name 'faviconHandlerMapping': no URL paths identified
2019-08-30 09:45:05.666 DEBUG 63568 --- [main] o.s.w.s.h.BeanNameUrlHandlerMapping      : Rejected bean name 'faviconRequestHandler': no URL paths identified
2019-08-30 09:45:05.666 DEBUG 63568 --- [main] o.s.w.s.h.BeanNameUrlHandlerMapping      : Rejected bean name 'org.springframework.boot.autoconfigure.web.servlet.WebMvcAutoConfiguration$EnableWebMvcConfiguration': no URL paths identified
2019-08-30 09:45:05.666 DEBUG 63568 --- [main] o.s.w.s.h.BeanNameUrlHandlerMapping      : Rejected bean name 'requestMappingHandlerAdapter': no URL paths identified
2019-08-30 09:45:05.666 DEBUG 63568 --- [main] o.s.w.s.h.BeanNameUrlHandlerMapping      : Rejected bean name 'requestMappingHandlerMapping': no URL paths identified
2019-08-30 09:45:05.667 DEBUG 63568 --- [main] o.s.w.s.h.BeanNameUrlHandlerMapping      : Rejected bean name 'mvcConversionService': no URL paths identified
2019-08-30 09:45:05.667 DEBUG 63568 --- [main] o.s.w.s.h.BeanNameUrlHandlerMapping      : Rejected bean name 'mvcValidator': no URL paths identified
2019-08-30 09:45:05.667 DEBUG 63568 --- [main] o.s.w.s.h.BeanNameUrlHandlerMapping      : Rejected bean name 'mvcContentNegotiationManager': no URL paths identified
2019-08-30 09:45:05.667 DEBUG 63568 --- [main] o.s.w.s.h.BeanNameUrlHandlerMapping      : Rejected bean name 'mvcPathMatcher': no URL paths identified
2019-08-30 09:45:05.667 DEBUG 63568 --- [main] o.s.w.s.h.BeanNameUrlHandlerMapping      : Rejected bean name 'mvcUrlPathHelper': no URL paths identified
2019-08-30 09:45:05.667 DEBUG 63568 --- [main] o.s.w.s.h.BeanNameUrlHandlerMapping      : Rejected bean name 'viewControllerHandlerMapping': no URL paths identified
2019-08-30 09:45:05.667 DEBUG 63568 --- [main] o.s.w.s.h.BeanNameUrlHandlerMapping      : Rejected bean name 'beanNameHandlerMapping': no URL paths identified
2019-08-30 09:45:05.667 DEBUG 63568 --- [main] o.s.w.s.h.BeanNameUrlHandlerMapping      : Rejected bean name 'resourceHandlerMapping': no URL paths identified
2019-08-30 09:45:05.667 DEBUG 63568 --- [main] o.s.w.s.h.BeanNameUrlHandlerMapping      : Rejected bean name 'mvcResourceUrlProvider': no URL paths identified
2019-08-30 09:45:05.667 DEBUG 63568 --- [main] o.s.w.s.h.BeanNameUrlHandlerMapping      : Rejected bean name 'defaultServletHandlerMapping': no URL paths identified
2019-08-30 09:45:05.667 DEBUG 63568 --- [main] o.s.w.s.h.BeanNameUrlHandlerMapping      : Rejected bean name 'mvcUriComponentsContributor': no URL paths identified
2019-08-30 09:45:05.667 DEBUG 63568 --- [main] o.s.w.s.h.BeanNameUrlHandlerMapping      : Rejected bean name 'httpRequestHandlerAdapter': no URL paths identified
2019-08-30 09:45:05.667 DEBUG 63568 --- [main] o.s.w.s.h.BeanNameUrlHandlerMapping      : Rejected bean name 'simpleControllerHandlerAdapter': no URL paths identified
2019-08-30 09:45:05.667 DEBUG 63568 --- [main] o.s.w.s.h.BeanNameUrlHandlerMapping      : Rejected bean name 'handlerExceptionResolver': no URL paths identified
2019-08-30 09:45:05.667 DEBUG 63568 --- [main] o.s.w.s.h.BeanNameUrlHandlerMapping      : Rejected bean name 'mvcViewResolver': no URL paths identified
2019-08-30 09:45:05.667 DEBUG 63568 --- [main] o.s.w.s.h.BeanNameUrlHandlerMapping      : Rejected bean name 'mvcHandlerMappingIntrospector': no URL paths identified
2019-08-30 09:45:05.667 DEBUG 63568 --- [main] o.s.w.s.h.BeanNameUrlHandlerMapping      : Rejected bean name 'org.springframework.boot.autoconfigure.web.servlet.WebMvcAutoConfiguration$WebMvcAutoConfigurationAdapter': no URL paths identified
2019-08-30 09:45:05.668 DEBUG 63568 --- [main] o.s.w.s.h.BeanNameUrlHandlerMapping      : Rejected bean name 'defaultViewResolver': no URL paths identified
2019-08-30 09:45:05.668 DEBUG 63568 --- [main] o.s.w.s.h.BeanNameUrlHandlerMapping      : Rejected bean name 'viewResolver': no URL paths identified
2019-08-30 09:45:05.668 DEBUG 63568 --- [main] o.s.w.s.h.BeanNameUrlHandlerMapping      : Rejected bean name 'welcomePageHandlerMapping': no URL paths identified
2019-08-30 09:45:05.668 DEBUG 63568 --- [main] o.s.w.s.h.BeanNameUrlHandlerMapping      : Rejected bean name 'requestContextFilter': no URL paths identified
2019-08-30 09:45:05.668 DEBUG 63568 --- [main] o.s.w.s.h.BeanNameUrlHandlerMapping      : Rejected bean name 'org.springframework.boot.autoconfigure.web.servlet.WebMvcAutoConfiguration': no URL paths identified
2019-08-30 09:45:05.668 DEBUG 63568 --- [main] o.s.w.s.h.BeanNameUrlHandlerMapping      : Rejected bean name 'hiddenHttpMethodFilter': no URL paths identified
2019-08-30 09:45:05.668 DEBUG 63568 --- [main] o.s.w.s.h.BeanNameUrlHandlerMapping      : Rejected bean name 'httpPutFormContentFilter': no URL paths identified
2019-08-30 09:45:05.668 DEBUG 63568 --- [main] o.s.w.s.h.BeanNameUrlHandlerMapping      : Rejected bean name 'org.springframework.boot.autoconfigure.jdbc.DataSourceConfiguration$Hikari': no URL paths identified
2019-08-30 09:45:05.668 DEBUG 63568 --- [main] o.s.w.s.h.BeanNameUrlHandlerMapping      : Rejected bean name 'dataSource': no URL paths identified
2019-08-30 09:45:05.668 DEBUG 63568 --- [main] o.s.w.s.h.BeanNameUrlHandlerMapping      : Rejected bean name 'org.springframework.boot.autoconfigure.jdbc.DataSourceAutoConfiguration$PooledDataSourceConfiguration': no URL paths identified
2019-08-30 09:45:05.668 DEBUG 63568 --- [main] o.s.w.s.h.BeanNameUrlHandlerMapping      : Rejected bean name 'org.springframework.boot.autoconfigure.jdbc.metadata.DataSourcePoolMetadataProvidersConfiguration$HikariPoolDataSourceMetadataProviderConfiguration': no URL paths identified
2019-08-30 09:45:05.668 DEBUG 63568 --- [main] o.s.w.s.h.BeanNameUrlHandlerMapping      : Rejected bean name 'hikariPoolDataSourceMetadataProvider': no URL paths identified
2019-08-30 09:45:05.669 DEBUG 63568 --- [main] o.s.w.s.h.BeanNameUrlHandlerMapping      : Rejected bean name 'org.springframework.boot.autoconfigure.jdbc.metadata.DataSourcePoolMetadataProvidersConfiguration': no URL paths identified
2019-08-30 09:45:05.669 DEBUG 63568 --- [main] o.s.w.s.h.BeanNameUrlHandlerMapping      : Rejected bean name 'org.springframework.boot.autoconfigure.jdbc.DataSourceInitializerInvoker': no URL paths identified
2019-08-30 09:45:05.669 DEBUG 63568 --- [main] o.s.w.s.h.BeanNameUrlHandlerMapping      : Rejected bean name 'org.springframework.boot.autoconfigure.jdbc.DataSourceInitializationConfiguration': no URL paths identified
2019-08-30 09:45:05.669 DEBUG 63568 --- [main] o.s.w.s.h.BeanNameUrlHandlerMapping      : Rejected bean name 'dataSourceInitializerPostProcessor': no URL paths identified
2019-08-30 09:45:05.669 DEBUG 63568 --- [main] o.s.w.s.h.BeanNameUrlHandlerMapping      : Rejected bean name 'org.springframework.boot.autoconfigure.jdbc.DataSourceAutoConfiguration': no URL paths identified
2019-08-30 09:45:05.669 DEBUG 63568 --- [main] o.s.w.s.h.BeanNameUrlHandlerMapping      : Rejected bean name 'spring.datasource-org.springframework.boot.autoconfigure.jdbc.DataSourceProperties': no URL paths identified
2019-08-30 09:45:05.669 DEBUG 63568 --- [main] o.s.w.s.h.BeanNameUrlHandlerMapping      : Rejected bean name 'org.mybatis.spring.boot.autoconfigure.MybatisLanguageDriverAutoConfiguration': no URL paths identified
2019-08-30 09:45:05.669 DEBUG 63568 --- [main] o.s.w.s.h.BeanNameUrlHandlerMapping      : Rejected bean name 'org.mybatis.spring.boot.autoconfigure.MybatisAutoConfiguration$MapperScannerRegistrarNotFoundConfiguration': no URL paths identified
2019-08-30 09:45:05.669 DEBUG 63568 --- [main] o.s.w.s.h.BeanNameUrlHandlerMapping      : Rejected bean name 'org.mybatis.spring.mapper.MapperScannerConfigurer': no URL paths identified
2019-08-30 09:45:05.669 DEBUG 63568 --- [main] o.s.w.s.h.BeanNameUrlHandlerMapping      : Rejected bean name 'org.mybatis.spring.boot.autoconfigure.MybatisAutoConfiguration': no URL paths identified
2019-08-30 09:45:05.669 DEBUG 63568 --- [main] o.s.w.s.h.BeanNameUrlHandlerMapping      : Rejected bean name 'sqlSessionFactory': no URL paths identified
2019-08-30 09:45:05.669 DEBUG 63568 --- [main] o.s.w.s.h.BeanNameUrlHandlerMapping      : Rejected bean name 'sqlSessionTemplate': no URL paths identified
2019-08-30 09:45:05.669 DEBUG 63568 --- [main] o.s.w.s.h.BeanNameUrlHandlerMapping      : Rejected bean name 'mybatis-org.mybatis.spring.boot.autoconfigure.MybatisProperties': no URL paths identified
2019-08-30 09:45:05.669 DEBUG 63568 --- [main] o.s.w.s.h.BeanNameUrlHandlerMapping      : Rejected bean name 'org.springframework.boot.autoconfigure.context.ConfigurationPropertiesAutoConfiguration': no URL paths identified
2019-08-30 09:45:05.669 DEBUG 63568 --- [main] o.s.w.s.h.BeanNameUrlHandlerMapping      : Rejected bean name 'org.springframework.boot.autoconfigure.dao.PersistenceExceptionTranslationAutoConfiguration': no URL paths identified
2019-08-30 09:45:05.669 DEBUG 63568 --- [main] o.s.w.s.h.BeanNameUrlHandlerMapping      : Rejected bean name 'persistenceExceptionTranslationPostProcessor': no URL paths identified
2019-08-30 09:45:05.669 DEBUG 63568 --- [main] o.s.w.s.h.BeanNameUrlHandlerMapping      : Rejected bean name 'org.springframework.boot.autoconfigure.h2.H2ConsoleAutoConfiguration': no URL paths identified
2019-08-30 09:45:05.669 DEBUG 63568 --- [main] o.s.w.s.h.BeanNameUrlHandlerMapping      : Rejected bean name 'h2Console': no URL paths identified
2019-08-30 09:45:05.669 DEBUG 63568 --- [main] o.s.w.s.h.BeanNameUrlHandlerMapping      : Rejected bean name 'spring.h2.console-org.springframework.boot.autoconfigure.h2.H2ConsoleProperties': no URL paths identified
2019-08-30 09:45:05.669 DEBUG 63568 --- [main] o.s.w.s.h.BeanNameUrlHandlerMapping      : Rejected bean name 'org.springframework.boot.autoconfigure.jackson.JacksonAutoConfiguration$Jackson2ObjectMapperBuilderCustomizerConfiguration': no URL paths identified
2019-08-30 09:45:05.669 DEBUG 63568 --- [main] o.s.w.s.h.BeanNameUrlHandlerMapping      : Rejected bean name 'standardJacksonObjectMapperBuilderCustomizer': no URL paths identified
2019-08-30 09:45:05.669 DEBUG 63568 --- [main] o.s.w.s.h.BeanNameUrlHandlerMapping      : Rejected bean name 'spring.jackson-org.springframework.boot.autoconfigure.jackson.JacksonProperties': no URL paths identified
2019-08-30 09:45:05.670 DEBUG 63568 --- [main] o.s.w.s.h.BeanNameUrlHandlerMapping      : Rejected bean name 'org.springframework.boot.autoconfigure.jackson.JacksonAutoConfiguration$JacksonObjectMapperBuilderConfiguration': no URL paths identified
2019-08-30 09:45:05.670 DEBUG 63568 --- [main] o.s.w.s.h.BeanNameUrlHandlerMapping      : Rejected bean name 'jacksonObjectMapperBuilder': no URL paths identified
2019-08-30 09:45:05.670 DEBUG 63568 --- [main] o.s.w.s.h.BeanNameUrlHandlerMapping      : Rejected bean name 'org.springframework.boot.autoconfigure.jackson.JacksonAutoConfiguration$ParameterNamesModuleConfiguration': no URL paths identified
2019-08-30 09:45:05.670 DEBUG 63568 --- [main] o.s.w.s.h.BeanNameUrlHandlerMapping      : Rejected bean name 'parameterNamesModule': no URL paths identified
2019-08-30 09:45:05.670 DEBUG 63568 --- [main] o.s.w.s.h.BeanNameUrlHandlerMapping      : Rejected bean name 'org.springframework.boot.autoconfigure.jackson.JacksonAutoConfiguration$JacksonObjectMapperConfiguration': no URL paths identified
2019-08-30 09:45:05.670 DEBUG 63568 --- [main] o.s.w.s.h.BeanNameUrlHandlerMapping      : Rejected bean name 'jacksonObjectMapper': no URL paths identified
2019-08-30 09:45:05.670 DEBUG 63568 --- [main] o.s.w.s.h.BeanNameUrlHandlerMapping      : Rejected bean name 'org.springframework.boot.autoconfigure.jackson.JacksonAutoConfiguration': no URL paths identified
2019-08-30 09:45:05.670 DEBUG 63568 --- [main] o.s.w.s.h.BeanNameUrlHandlerMapping      : Rejected bean name 'jsonComponentModule': no URL paths identified
2019-08-30 09:45:05.670 DEBUG 63568 --- [main] o.s.w.s.h.BeanNameUrlHandlerMapping      : Rejected bean name 'org.springframework.boot.autoconfigure.http.HttpMessageConvertersAutoConfiguration$StringHttpMessageConverterConfiguration': no URL paths identified
2019-08-30 09:45:05.670 DEBUG 63568 --- [main] o.s.w.s.h.BeanNameUrlHandlerMapping      : Rejected bean name 'stringHttpMessageConverter': no URL paths identified
2019-08-30 09:45:05.670 DEBUG 63568 --- [main] o.s.w.s.h.BeanNameUrlHandlerMapping      : Rejected bean name 'spring.http.encoding-org.springframework.boot.autoconfigure.http.HttpEncodingProperties': no URL paths identified
2019-08-30 09:45:05.670 DEBUG 63568 --- [main] o.s.w.s.h.BeanNameUrlHandlerMapping      : Rejected bean name 'org.springframework.boot.autoconfigure.http.JacksonHttpMessageConvertersConfiguration$MappingJackson2HttpMessageConverterConfiguration': no URL paths identified
2019-08-30 09:45:05.670 DEBUG 63568 --- [main] o.s.w.s.h.BeanNameUrlHandlerMapping      : Rejected bean name 'mappingJackson2HttpMessageConverter': no URL paths identified
2019-08-30 09:45:05.670 DEBUG 63568 --- [main] o.s.w.s.h.BeanNameUrlHandlerMapping      : Rejected bean name 'org.springframework.boot.autoconfigure.http.JacksonHttpMessageConvertersConfiguration': no URL paths identified
2019-08-30 09:45:05.670 DEBUG 63568 --- [main] o.s.w.s.h.BeanNameUrlHandlerMapping      : Rejected bean name 'org.springframework.boot.autoconfigure.http.HttpMessageConvertersAutoConfiguration': no URL paths identified
2019-08-30 09:45:05.670 DEBUG 63568 --- [main] o.s.w.s.h.BeanNameUrlHandlerMapping      : Rejected bean name 'messageConverters': no URL paths identified
2019-08-30 09:45:05.670 DEBUG 63568 --- [main] o.s.w.s.h.BeanNameUrlHandlerMapping      : Rejected bean name 'org.springframework.boot.autoconfigure.http.codec.CodecsAutoConfiguration$JacksonCodecConfiguration': no URL paths identified
2019-08-30 09:45:05.670 DEBUG 63568 --- [main] o.s.w.s.h.BeanNameUrlHandlerMapping      : Rejected bean name 'jacksonCodecCustomizer': no URL paths identified
2019-08-30 09:45:05.670 DEBUG 63568 --- [main] o.s.w.s.h.BeanNameUrlHandlerMapping      : Rejected bean name 'org.springframework.boot.autoconfigure.http.codec.CodecsAutoConfiguration': no URL paths identified
2019-08-30 09:45:05.670 DEBUG 63568 --- [main] o.s.w.s.h.BeanNameUrlHandlerMapping      : Rejected bean name 'org.springframework.boot.autoconfigure.info.ProjectInfoAutoConfiguration': no URL paths identified
2019-08-30 09:45:05.671 DEBUG 63568 --- [main] o.s.w.s.h.BeanNameUrlHandlerMapping      : Rejected bean name 'spring.info-org.springframework.boot.autoconfigure.info.ProjectInfoProperties': no URL paths identified
2019-08-30 09:45:05.671 DEBUG 63568 --- [main] o.s.w.s.h.BeanNameUrlHandlerMapping      : Rejected bean name 'org.springframework.boot.autoconfigure.jdbc.JdbcTemplateAutoConfiguration$JdbcTemplateConfiguration': no URL paths identified
2019-08-30 09:45:05.671 DEBUG 63568 --- [main] o.s.w.s.h.BeanNameUrlHandlerMapping      : Rejected bean name 'jdbcTemplate': no URL paths identified
2019-08-30 09:45:05.671 DEBUG 63568 --- [main] o.s.w.s.h.BeanNameUrlHandlerMapping      : Rejected bean name 'org.springframework.boot.autoconfigure.jdbc.JdbcTemplateAutoConfiguration$NamedParameterJdbcTemplateConfiguration': no URL paths identified
2019-08-30 09:45:05.671 DEBUG 63568 --- [main] o.s.w.s.h.BeanNameUrlHandlerMapping      : Rejected bean name 'namedParameterJdbcTemplate': no URL paths identified
2019-08-30 09:45:05.671 DEBUG 63568 --- [main] o.s.w.s.h.BeanNameUrlHandlerMapping      : Rejected bean name 'org.springframework.boot.autoconfigure.jdbc.JdbcTemplateAutoConfiguration': no URL paths identified
2019-08-30 09:45:05.671 DEBUG 63568 --- [main] o.s.w.s.h.BeanNameUrlHandlerMapping      : Rejected bean name 'spring.jdbc-org.springframework.boot.autoconfigure.jdbc.JdbcProperties': no URL paths identified
2019-08-30 09:45:05.671 DEBUG 63568 --- [main] o.s.w.s.h.BeanNameUrlHandlerMapping      : Rejected bean name 'org.springframework.boot.autoconfigure.security.reactive.ReactiveSecurityAutoConfiguration': no URL paths identified
2019-08-30 09:45:05.671 DEBUG 63568 --- [main] o.s.w.s.h.BeanNameUrlHandlerMapping      : Rejected bean name 'spring.security-org.springframework.boot.autoconfigure.security.SecurityProperties': no URL paths identified
2019-08-30 09:45:05.671 DEBUG 63568 --- [main] o.s.w.s.h.BeanNameUrlHandlerMapping      : Rejected bean name 'org.springframework.boot.autoconfigure.jdbc.DataSourceTransactionManagerAutoConfiguration$DataSourceTransactionManagerConfiguration': no URL paths identified
2019-08-30 09:45:05.671 DEBUG 63568 --- [main] o.s.w.s.h.BeanNameUrlHandlerMapping      : Rejected bean name 'transactionManager': no URL paths identified
2019-08-30 09:45:05.671 DEBUG 63568 --- [main] o.s.w.s.h.BeanNameUrlHandlerMapping      : Rejected bean name 'org.springframework.boot.autoconfigure.jdbc.DataSourceTransactionManagerAutoConfiguration': no URL paths identified
2019-08-30 09:45:05.671 DEBUG 63568 --- [main] o.s.w.s.h.BeanNameUrlHandlerMapping      : Rejected bean name 'org.springframework.transaction.annotation.ProxyTransactionManagementConfiguration': no URL paths identified
2019-08-30 09:45:05.671 DEBUG 63568 --- [main] o.s.w.s.h.BeanNameUrlHandlerMapping      : Rejected bean name 'org.springframework.transaction.config.internalTransactionAdvisor': no URL paths identified
2019-08-30 09:45:05.671 DEBUG 63568 --- [main] o.s.w.s.h.BeanNameUrlHandlerMapping      : Rejected bean name 'transactionAttributeSource': no URL paths identified
2019-08-30 09:45:05.671 DEBUG 63568 --- [main] o.s.w.s.h.BeanNameUrlHandlerMapping      : Rejected bean name 'transactionInterceptor': no URL paths identified
2019-08-30 09:45:05.671 DEBUG 63568 --- [main] o.s.w.s.h.BeanNameUrlHandlerMapping      : Rejected bean name 'org.springframework.transaction.config.internalTransactionalEventListenerFactory': no URL paths identified
2019-08-30 09:45:05.671 DEBUG 63568 --- [main] o.s.w.s.h.BeanNameUrlHandlerMapping      : Rejected bean name 'org.springframework.boot.autoconfigure.transaction.TransactionAutoConfiguration$EnableTransactionManagementConfiguration$CglibAutoProxyConfiguration': no URL paths identified
2019-08-30 09:45:05.671 DEBUG 63568 --- [main] o.s.w.s.h.BeanNameUrlHandlerMapping      : Rejected bean name 'org.springframework.aop.config.internalAutoProxyCreator': no URL paths identified
2019-08-30 09:45:05.671 DEBUG 63568 --- [main] o.s.w.s.h.BeanNameUrlHandlerMapping      : Rejected bean name 'org.springframework.boot.autoconfigure.transaction.TransactionAutoConfiguration$EnableTransactionManagementConfiguration': no URL paths identified
2019-08-30 09:45:05.672 DEBUG 63568 --- [main] o.s.w.s.h.BeanNameUrlHandlerMapping      : Rejected bean name 'org.springframework.boot.autoconfigure.transaction.TransactionAutoConfiguration$TransactionTemplateConfiguration': no URL paths identified
2019-08-30 09:45:05.672 DEBUG 63568 --- [main] o.s.w.s.h.BeanNameUrlHandlerMapping      : Rejected bean name 'transactionTemplate': no URL paths identified
2019-08-30 09:45:05.672 DEBUG 63568 --- [main] o.s.w.s.h.BeanNameUrlHandlerMapping      : Rejected bean name 'org.springframework.boot.autoconfigure.transaction.TransactionAutoConfiguration': no URL paths identified
2019-08-30 09:45:05.672 DEBUG 63568 --- [main] o.s.w.s.h.BeanNameUrlHandlerMapping      : Rejected bean name 'platformTransactionManagerCustomizers': no URL paths identified
2019-08-30 09:45:05.672 DEBUG 63568 --- [main] o.s.w.s.h.BeanNameUrlHandlerMapping      : Rejected bean name 'spring.transaction-org.springframework.boot.autoconfigure.transaction.TransactionProperties': no URL paths identified
2019-08-30 09:45:05.672 DEBUG 63568 --- [main] o.s.w.s.h.BeanNameUrlHandlerMapping      : Rejected bean name 'org.springframework.boot.autoconfigure.web.client.RestTemplateAutoConfiguration': no URL paths identified
2019-08-30 09:45:05.672 DEBUG 63568 --- [main] o.s.w.s.h.BeanNameUrlHandlerMapping      : Rejected bean name 'restTemplateBuilder': no URL paths identified
2019-08-30 09:45:05.672 DEBUG 63568 --- [main] o.s.w.s.h.BeanNameUrlHandlerMapping      : Rejected bean name 'org.springframework.boot.autoconfigure.web.embedded.EmbeddedWebServerFactoryCustomizerAutoConfiguration$TomcatWebServerFactoryCustomizerConfiguration': no URL paths identified
2019-08-30 09:45:05.672 DEBUG 63568 --- [main] o.s.w.s.h.BeanNameUrlHandlerMapping      : Rejected bean name 'tomcatWebServerFactoryCustomizer': no URL paths identified
2019-08-30 09:45:05.672 DEBUG 63568 --- [main] o.s.w.s.h.BeanNameUrlHandlerMapping      : Rejected bean name 'org.springframework.boot.autoconfigure.web.embedded.EmbeddedWebServerFactoryCustomizerAutoConfiguration': no URL paths identified
2019-08-30 09:45:05.672 DEBUG 63568 --- [main] o.s.w.s.h.BeanNameUrlHandlerMapping      : Rejected bean name 'org.springframework.boot.autoconfigure.web.servlet.HttpEncodingAutoConfiguration': no URL paths identified
2019-08-30 09:45:05.672 DEBUG 63568 --- [main] o.s.w.s.h.BeanNameUrlHandlerMapping      : Rejected bean name 'characterEncodingFilter': no URL paths identified
2019-08-30 09:45:05.672 DEBUG 63568 --- [main] o.s.w.s.h.BeanNameUrlHandlerMapping      : Rejected bean name 'localeCharsetMappingsCustomizer': no URL paths identified
2019-08-30 09:45:05.672 DEBUG 63568 --- [main] o.s.w.s.h.BeanNameUrlHandlerMapping      : Rejected bean name 'org.springframework.boot.autoconfigure.web.servlet.MultipartAutoConfiguration': no URL paths identified
2019-08-30 09:45:05.672 DEBUG 63568 --- [main] o.s.w.s.h.BeanNameUrlHandlerMapping      : Rejected bean name 'multipartConfigElement': no URL paths identified
2019-08-30 09:45:05.672 DEBUG 63568 --- [main] o.s.w.s.h.BeanNameUrlHandlerMapping      : Rejected bean name 'multipartResolver': no URL paths identified
2019-08-30 09:45:05.672 DEBUG 63568 --- [main] o.s.w.s.h.BeanNameUrlHandlerMapping      : Rejected bean name 'spring.servlet.multipart-org.springframework.boot.autoconfigure.web.servlet.MultipartProperties': no URL paths identified
2019-08-30 09:45:05.672 DEBUG 63568 --- [main] o.s.w.s.h.BeanNameUrlHandlerMapping      : Rejected bean name 'org.springframework.boot.test.autoconfigure.web.servlet.MockMvcAutoConfiguration': no URL paths identified
2019-08-30 09:45:05.672 DEBUG 63568 --- [main] o.s.w.s.h.BeanNameUrlHandlerMapping      : Rejected bean name 'mockMvcBuilder': no URL paths identified
2019-08-30 09:45:05.672 DEBUG 63568 --- [main] o.s.w.s.h.BeanNameUrlHandlerMapping      : Rejected bean name 'springBootMockMvcBuilderCustomizer': no URL paths identified
2019-08-30 09:45:05.672 DEBUG 63568 --- [main] o.s.w.s.h.BeanNameUrlHandlerMapping      : Rejected bean name 'mockMvc': no URL paths identified
2019-08-30 09:45:05.673 DEBUG 63568 --- [main] o.s.w.s.h.BeanNameUrlHandlerMapping      : Rejected bean name 'org.springframework.boot.test.autoconfigure.web.servlet.MockMvcSecurityAutoConfiguration': no URL paths identified
2019-08-30 09:45:05.673 DEBUG 63568 --- [main] o.s.w.s.h.BeanNameUrlHandlerMapping      : Rejected bean name 'employeeMapper': no URL paths identified
2019-08-30 09:45:05.673 DEBUG 63568 --- [main] o.s.w.s.h.BeanNameUrlHandlerMapping      : Rejected bean name 'parkingLotMapper': no URL paths identified
2019-08-30 09:45:05.673 DEBUG 63568 --- [main] o.s.w.s.h.BeanNameUrlHandlerMapping      : Rejected bean name 'autoConfigurationReport': no URL paths identified
2019-08-30 09:45:05.673 DEBUG 63568 --- [main] o.s.w.s.h.BeanNameUrlHandlerMapping      : Rejected bean name 'org.springframework.boot.context.ContextIdApplicationContextInitializer$ContextId': no URL paths identified
2019-08-30 09:45:05.673 DEBUG 63568 --- [main] o.s.w.s.h.BeanNameUrlHandlerMapping      : Rejected bean name 'org.springframework.boot.test.autoconfigure.properties.PropertyMappingContextCustomizer$PropertyMappingCheckBeanPostProcessor': no URL paths identified
2019-08-30 09:45:05.673 DEBUG 63568 --- [main] o.s.w.s.h.BeanNameUrlHandlerMapping      : Rejected bean name 'org.springframework.boot.test.context.filter.TestTypeExcludeFilter': no URL paths identified
2019-08-30 09:45:05.673 DEBUG 63568 --- [main] o.s.w.s.h.BeanNameUrlHandlerMapping      : Rejected bean name 'springApplicationArguments': no URL paths identified
2019-08-30 09:45:05.673 DEBUG 63568 --- [main] o.s.w.s.h.BeanNameUrlHandlerMapping      : Rejected bean name 'springBootBanner': no URL paths identified
2019-08-30 09:45:05.673 DEBUG 63568 --- [main] o.s.w.s.h.BeanNameUrlHandlerMapping      : Rejected bean name 'springBootLoggingSystem': no URL paths identified
2019-08-30 09:45:05.673 DEBUG 63568 --- [main] o.s.w.s.h.BeanNameUrlHandlerMapping      : Rejected bean name 'environment': no URL paths identified
2019-08-30 09:45:05.673 DEBUG 63568 --- [main] o.s.w.s.h.BeanNameUrlHandlerMapping      : Rejected bean name 'systemProperties': no URL paths identified
2019-08-30 09:45:05.673 DEBUG 63568 --- [main] o.s.w.s.h.BeanNameUrlHandlerMapping      : Rejected bean name 'systemEnvironment': no URL paths identified
2019-08-30 09:45:05.673 DEBUG 63568 --- [main] o.s.w.s.h.BeanNameUrlHandlerMapping      : Rejected bean name 'servletContext': no URL paths identified
2019-08-30 09:45:05.673 DEBUG 63568 --- [main] o.s.w.s.h.BeanNameUrlHandlerMapping      : Rejected bean name 'contextParameters': no URL paths identified
2019-08-30 09:45:05.673 DEBUG 63568 --- [main] o.s.w.s.h.BeanNameUrlHandlerMapping      : Rejected bean name 'contextAttributes': no URL paths identified
2019-08-30 09:45:05.673 DEBUG 63568 --- [main] o.s.w.s.h.BeanNameUrlHandlerMapping      : Rejected bean name 'org.springframework.context.annotation.ConfigurationClassPostProcessor.importRegistry': no URL paths identified
2019-08-30 09:45:05.673 DEBUG 63568 --- [main] o.s.w.s.h.BeanNameUrlHandlerMapping      : Rejected bean name 'org.springframework.boot.test.mock.mockito.MockitoBeans': no URL paths identified
2019-08-30 09:45:05.673 DEBUG 63568 --- [main] o.s.w.s.h.BeanNameUrlHandlerMapping      : Rejected bean name 'messageSource': no URL paths identified
2019-08-30 09:45:05.673 DEBUG 63568 --- [main] o.s.w.s.h.BeanNameUrlHandlerMapping      : Rejected bean name 'applicationEventMulticaster': no URL paths identified
2019-08-30 09:45:05.679  INFO 63568 --- [main] o.s.w.s.handler.SimpleUrlHandlerMapping  : Mapped URL path [/webjars/**] onto handler of type [class org.springframework.web.servlet.resource.ResourceHttpRequestHandler]
2019-08-30 09:45:05.680  INFO 63568 --- [main] o.s.w.s.handler.SimpleUrlHandlerMapping  : Mapped URL path [/**] onto handler of type [class org.springframework.web.servlet.resource.ResourceHttpRequestHandler]
2019-08-30 09:45:05.689 DEBUG 63568 --- [main] .m.m.a.ExceptionHandlerExceptionResolver : Looking for exception mappings: org.springframework.web.context.support.GenericWebApplicationContext@3576ddc2: startup date [Fri Aug 30 09:45:03 CST 2019]; root of context hierarchy
2019-08-30 09:45:05.888  INFO 63568 --- [main] o.s.b.t.m.w.SpringBootMockServletContext : Initializing Spring FrameworkServlet ''
2019-08-30 09:45:05.888  INFO 63568 --- [main] o.s.t.web.servlet.TestDispatcherServlet  : FrameworkServlet '': initialization started
2019-08-30 09:45:05.900  INFO 63568 --- [main] o.s.t.web.servlet.TestDispatcherServlet  : FrameworkServlet '': initialization completed in 12 ms
2019-08-30 09:45:05.932 DEBUG 63568 --- [main] o.s.w.c.s.GenericWebApplicationContext   : Unable to locate LifecycleProcessor with name 'lifecycleProcessor': using default [org.springframework.context.support.DefaultLifecycleProcessor@36061cf3]
2019-08-30 09:45:05.938 DEBUG 63568 --- [main] o.s.w.s.resource.ResourceUrlProvider     : Looking for resource handler mappings
2019-08-30 09:45:05.938 DEBUG 63568 --- [main] o.s.w.s.resource.ResourceUrlProvider     : Found resource handler mapping: URL pattern="/**/favicon.ico", locations=[class path resource [META-INF/resources/], class path resource [resources/], class path resource [static/], class path resource [public/], ServletContext resource [/], class path resource []], resolvers=[org.springframework.web.servlet.resource.PathResourceResolver@12c60152]
2019-08-30 09:45:05.938 DEBUG 63568 --- [main] o.s.w.s.resource.ResourceUrlProvider     : Found resource handler mapping: URL pattern="/webjars/**", locations=[class path resource [META-INF/resources/webjars/]], resolvers=[org.springframework.web.servlet.resource.PathResourceResolver@2e807c54]
2019-08-30 09:45:05.939 DEBUG 63568 --- [main] o.s.w.s.resource.ResourceUrlProvider     : Found resource handler mapping: URL pattern="/**", locations=[class path resource [META-INF/resources/], class path resource [resources/], class path resource [static/], class path resource [public/], ServletContext resource [/]], resolvers=[org.springframework.web.servlet.resource.PathResourceResolver@6cd164a6]
2019-08-30 09:45:05.943  INFO 63568 --- [main] tws.controller.EmployeeControllerTest    : Started EmployeeControllerTest in 2.349 seconds (JVM running for 3.551)
2019-08-30 09:45:06.140 DEBUG 63568 --- [main] s.w.s.m.m.a.RequestMappingHandlerMapping : Looking up handler method for path /employees
2019-08-30 09:45:06.141 DEBUG 63568 --- [main] s.w.s.m.m.a.RequestMappingHandlerMapping : Returning handler method [public org.springframework.http.ResponseEntity<tws.entity.Employee> tws.controller.EmployeeController.insert(tws.entity.Employee)]
2019-08-30 09:45:06.189 DEBUG 63568 --- [main] m.m.a.RequestResponseBodyMethodProcessor : Read [class tws.entity.Employee] as "application/json;charset=UTF-8" with [org.springframework.http.converter.json.MappingJackson2HttpMessageConverter@3d6a6bee]
2019-08-30 09:45:06.202 DEBUG 63568 --- [main] .m.m.a.ExceptionHandlerExceptionResolver : Resolving exception from handler [public org.springframework.http.ResponseEntity<tws.entity.Employee> tws.controller.EmployeeController.insert(tws.entity.Employee)]: org.apache.ibatis.binding.BindingException: Invalid bound statement (not found): tws.repository.EmployeeMapper.insert
2019-08-30 09:45:06.203 DEBUG 63568 --- [main] .w.s.m.a.ResponseStatusExceptionResolver : Resolving exception from handler [public org.springframework.http.ResponseEntity<tws.entity.Employee> tws.controller.EmployeeController.insert(tws.entity.Employee)]: org.apache.ibatis.binding.BindingException: Invalid bound statement (not found): tws.repository.EmployeeMapper.insert
2019-08-30 09:45:06.204 DEBUG 63568 --- [main] .w.s.m.s.DefaultHandlerExceptionResolver : Resolving exception from handler [public org.springframework.http.ResponseEntity<tws.entity.Employee> tws.controller.EmployeeController.insert(tws.entity.Employee)]: org.apache.ibatis.binding.BindingException: Invalid bound statement (not found): tws.repository.EmployeeMapper.insert
2019-08-30 09:45:06.208  INFO 63568 --- [Thread-4] o.s.w.c.s.GenericWebApplicationContext   : Closing org.springframework.web.context.support.GenericWebApplicationContext@3576ddc2: startup date [Fri Aug 30 09:45:03 CST 2019]; root of context hierarchy
2019-08-30 09:45:06.210  INFO 63568 --- [Thread-4] com.zaxxer.hikari.HikariDataSource       : HikariPool-1 - Shutdown initiated...
2019-08-30 09:45:06.213  INFO 63568 --- [Thread-4] com.zaxxer.hikari.HikariDataSource       : HikariPool-1 - Shutdown completed.
